/*C2*/SET SCHEMA PUBLIC
ALTER TABLE "myfirstmodule$salestrackingtable" ADD "operationcode" VARCHAR_IGNORECASE(200) NULL
INSERT INTO "mendixsystem$attribute" VALUES('59e8ec90-d000-47d4-b4f2-a1866d1b9630','0d3be470-3d3d-4edc-867c-8e6478678ce1','OperationCode','operationcode',30,200,'',FALSE)
DELETE FROM "mendixsystem$version" WHERE "versionnumber"='4.2'
INSERT INTO "mendixsystem$version" VALUES('4.2','2025-05-23 20:15:38.505000','4.4.0','unversioned','SalesManagement','10.21.1.64969')
COMMIT
DELETE FROM "mendixsystem$version" WHERE "versionnumber"='4.2'
INSERT INTO "mendixsystem$version" VALUES('4.2','2025-05-23 20:15:38.505000','4.4.0','unversioned','SalesManagement','10.21.1.64969')
COMMIT
DELETE FROM "system$userrole" WHERE "id"=15199648742375590
INSERT INTO "system$userrole" VALUES(15199648742375590,'8dd52bfa-6d7e-453b-b506-303c0a3d9567','Administrator','')
DELETE FROM "system$userrole" WHERE "id"=15199648742375761
INSERT INTO "system$userrole" VALUES(15199648742375761,'53f5d6fa-6da9-4a71-b011-454ec052cce8','User','')
DELETE FROM "system$userrole" WHERE "id"=15199648742388405
INSERT INTO "system$userrole" VALUES(15199648742388405,'ed032ca9-4faa-4d61-aaea-7829de064bf1','SalesPerson','')
COMMIT
DELETE FROM "system$user" WHERE "id"=7318349394477296
INSERT INTO "system$user" VALUES(7318349394477296,'demo_administrator','{BCrypt}$2a$12$C5VvXFyHJV5dJ3z86NSw6OJ..48i5tXcNvtjCpFf5V8VevcgDed4K',NULL,FALSE,NULL,TRUE,0,FALSE,FALSE,'2025-05-20 06:31:01.585000','2025-05-23 11:15:43.192000','Administration.Account',NULL,7318349394477296)
COMMIT
DELETE FROM "system$user" WHERE "id"=7318349394477339
INSERT INTO "system$user" VALUES(7318349394477339,'demo_user','{BCrypt}$2a$12$S5HNq2M5QM/MCSUuAgXbEOlNQf8hBIDxAWF4De.81BXZydTk63gg2',NULL,FALSE,NULL,TRUE,0,FALSE,FALSE,'2025-05-20 06:31:03.204000','2025-05-23 11:15:43.991000','Administration.Account',NULL,7318349394477339)
COMMIT
DELETE FROM "system$user" WHERE "id"=13510798882316450
INSERT INTO "system$user" VALUES(13510798882316450,'Bill','{BCrypt}$2a$12$FPAts7YJDuX5YYlKjgMhFO.hJcCprkayWDf.QHyXqdJMl47nywQ8S','2025-05-20 07:26:41.691000',FALSE,NULL,TRUE,0,FALSE,FALSE,'2025-05-20 06:31:03.715000','2025-05-23 11:15:44.779000','System.User',NULL,13510798882316450)
COMMIT
DELETE FROM "system$user" WHERE "id"=13510798882329327
INSERT INTO "system$user" VALUES(13510798882329327,'Kate','{BCrypt}$2a$12$CUIq6SDhnqbW9BaIZexK4uKTrjQeQWzrb1DyEtBYP67Yi4/vGbsy.','2025-05-23 10:59:27.394000',FALSE,NULL,TRUE,0,FALSE,FALSE,'2025-05-20 07:03:13.402000','2025-05-23 11:15:45.336000','System.User',NULL,13510798882329327)
COMMIT
DELETE FROM "system$session" WHERE "id"=12947848929061543
DELETE FROM "system$session_user" WHERE "system$sessionid"=12947848929061543 AND "system$userid"=13510798882329327
COMMIT
DELETE FROM "mendixsystem$properties" WHERE "key"='Mendix.Runtime.DeploymentID'
INSERT INTO "mendixsystem$properties" VALUES('Mendix.Runtime.DeploymentID','638836280808796323')
COMMIT
DELETE FROM "mendixsystem$entityidentifier" WHERE "id"='d4154981-8dac-4150-aec5-efa3ef62a7a2'
INSERT INTO "mendixsystem$entityidentifier" VALUES('d4154981-8dac-4150-aec5-efa3ef62a7a2',49,3101)
COMMIT
INSERT INTO "system$xasinstance" VALUES(13792273859206312,'4a141102-ca0d-47d4-a5ab-944b1bc0e519','2025-05-23 11:15:46.117000',NULL,NULL,NULL,'2025-05-23 11:15:46.114000')
COMMIT
DELETE FROM "mendixsystem$properties" WHERE "key"='ScheduledEventsExecution'
INSERT INTO "mendixsystem$properties" VALUES('ScheduledEventsExecution','NONE:638836280808796323')
COMMIT
/*C3*/SET SCHEMA PUBLIC
DELETE FROM "system$queuedtask" WHERE "id"=14355223817626740
INSERT INTO "system$queuedtask" VALUES(14355223817626740,40624,'Running','59651013-f9bc-4fc1-b435-276439b07899','System.ScheduledEventsQueue','ScheduledEvent',NULL,NULL,'ClusterManagement-CleanupScheduledEvents','[]','4a141102-ca0d-47d4-a5ab-944b1bc0e519',59,'2025-05-23 11:10:16.680000','2025-05-23 11:15:15.976000','2025-05-23 11:15:49.001000',0,NULL,'ClusterManagement-CleanupScheduledEvents',NULL)
COMMIT
DELETE FROM "mendixsystem$entityidentifier" WHERE "id"='c6c131c8-8779-4213-9b26-a64e141f26a8'
INSERT INTO "mendixsystem$entityidentifier" VALUES('c6c131c8-8779-4213-9b26-a64e141f26a8',51,42225)
COMMIT
ALTER SEQUENCE PUBLIC."system$queuedtask_sequence_mxseq" RESTART WITH 40635
/*C4*/SET SCHEMA PUBLIC
DELETE FROM "mendixsystem$entityidentifier" WHERE "id"='eb5c32a1-85ec-49d1-8bca-ecca779cd539'
INSERT INTO "mendixsystem$entityidentifier" VALUES('eb5c32a1-85ec-49d1-8bca-ecca779cd539',47,42231)
COMMIT
/*C3*/INSERT INTO "system$queuedtask" VALUES(14355223817635518,40634,'Idle','59651013-f9bc-4fc1-b435-276439b07899','System.ScheduledEventsQueue','ScheduledEvent',NULL,NULL,'ClusterManagement-CleanupScheduledEvents','[]',NULL,NULL,'2025-05-23 11:15:49.209000','2025-05-23 11:20:15.976000',NULL,0,NULL,'ClusterManagement-CleanupScheduledEvents',NULL)
INSERT INTO "system$processedqueuetask" VALUES(13229323910793723,40624,'Completed','59651013-f9bc-4fc1-b435-276439b07899','System.ScheduledEventsQueue','ScheduledEvent',NULL,NULL,'ClusterManagement-CleanupScheduledEvents','[]','4a141102-ca0d-47d4-a5ab-944b1bc0e519',59,'2025-05-23 11:10:16.680000','2025-05-23 11:15:15.976000','2025-05-23 11:15:49.001000','2025-05-23 11:15:49.233000',232,0,NULL,'ClusterManagement-CleanupScheduledEvents',NULL)
DELETE FROM "system$queuedtask" WHERE "id"=14355223817626740
COMMIT
DELETE FROM "system$xasinstance" WHERE "id"=13792273859206312
INSERT INTO "system$xasinstance" VALUES(13792273859206312,'4a141102-ca0d-47d4-a5ab-944b1bc0e519','2025-05-23 11:15:49.372000',NULL,NULL,NULL,'2025-05-23 11:15:46.114000')
COMMIT
DELETE FROM "system$user" WHERE "id"=13510798882316626
INSERT INTO "system$user" VALUES(13510798882316626,'MxAdmin','{BCrypt}$2a$12$ehvVAOTiR0QaEV52fHgXmuzF5o6uKNEcMt3IKEqcD061COOt/pFom',NULL,FALSE,NULL,TRUE,0,FALSE,FALSE,'2025-05-20 06:31:08.579000','2025-05-23 11:15:49.596000','System.User',NULL,13510798882316626)
COMMIT
DELETE FROM "system$queuedtask" WHERE "id"=14355223817626808
INSERT INTO "system$queuedtask" VALUES(14355223817626808,40625,'Running','59651013-f9bc-4fc1-b435-276439b07899','System.ScheduledEventsQueue','ScheduledEvent',NULL,NULL,'ClusterManagement-CleanupProcessedTasks','[]','4a141102-ca0d-47d4-a5ab-944b1bc0e519',59,'2025-05-23 11:10:59.163000','2025-05-23 11:15:58.833000','2025-05-23 11:15:59.521000',0,NULL,'ClusterManagement-CleanupProcessedTasks',NULL)
COMMIT
ALTER SEQUENCE PUBLIC."system$queuedtask_sequence_mxseq" RESTART WITH 40636
INSERT INTO "system$queuedtask" VALUES(14355223817635661,40635,'Idle','59651013-f9bc-4fc1-b435-276439b07899','System.ScheduledEventsQueue','ScheduledEvent',NULL,NULL,'ClusterManagement-CleanupProcessedTasks','[]',NULL,NULL,'2025-05-23 11:15:59.561000','2025-05-23 11:20:58.833000',NULL,0,NULL,'ClusterManagement-CleanupProcessedTasks',NULL)
INSERT INTO "system$processedqueuetask" VALUES(13229323910793787,40625,'Completed','59651013-f9bc-4fc1-b435-276439b07899','System.ScheduledEventsQueue','ScheduledEvent',NULL,NULL,'ClusterManagement-CleanupProcessedTasks','[]','4a141102-ca0d-47d4-a5ab-944b1bc0e519',59,'2025-05-23 11:10:59.163000','2025-05-23 11:15:58.833000','2025-05-23 11:15:59.521000','2025-05-23 11:15:59.566000',45,0,NULL,'ClusterManagement-CleanupProcessedTasks',NULL)
DELETE FROM "system$queuedtask" WHERE "id"=14355223817626808
COMMIT
DELETE FROM "system$queuedtask" WHERE "id"=14355223817627098
DELETE FROM "system$queuedtask" WHERE "id"=14355223817627182
DELETE FROM "system$queuedtask" WHERE "id"=14355223817626940
DELETE FROM "system$queuedtask" WHERE "id"=14355223817627361
DELETE FROM "system$queuedtask" WHERE "id"=14355223817627474
INSERT INTO "system$queuedtask" VALUES(14355223817627098,40626,'Running','59651013-f9bc-4fc1-b435-276439b07899','System.ScheduledEventsQueue','ScheduledEvent',NULL,NULL,'ClusterManagement-CleanupOfflineSyncHistory','[]','4a141102-ca0d-47d4-a5ab-944b1bc0e519',59,'2025-05-23 11:11:42.596000','2025-05-23 11:16:41.691000','2025-05-23 11:16:42.444000',0,NULL,'ClusterManagement-CleanupOfflineSyncHistory',NULL)
INSERT INTO "system$queuedtask" VALUES(14355223817627182,40627,'Running','59651013-f9bc-4fc1-b435-276439b07899','System.ScheduledEventsQueue','ScheduledEvent',NULL,NULL,'ClusterManagement-CleanupOfflineGUIDs','[]','4a141102-ca0d-47d4-a5ab-944b1bc0e519',59,'2025-05-23 11:11:42.596000','2025-05-23 11:16:41.691000','2025-05-23 11:16:42.446000',0,NULL,'ClusterManagement-CleanupOfflineGUIDs',NULL)
INSERT INTO "system$queuedtask" VALUES(14355223817626940,40628,'Running','59651013-f9bc-4fc1-b435-276439b07899','System.ScheduledEventsQueue','ScheduledEvent',NULL,NULL,'ClusterManagement-CleanupBackgroundJobs','[]','4a141102-ca0d-47d4-a5ab-944b1bc0e519',59,'2025-05-23 11:11:42.596000','2025-05-23 11:16:41.691000','2025-05-23 11:16:42.448000',0,NULL,'ClusterManagement-CleanupBackgroundJobs',NULL)
INSERT INTO "system$queuedtask" VALUES(14355223817627361,40629,'Running','59651013-f9bc-4fc1-b435-276439b07899','System.ScheduledEventsQueue','ScheduledEvent',NULL,NULL,'ClusterManagement-CleanupTmpDocuments','[]','4a141102-ca0d-47d4-a5ab-944b1bc0e519',59,'2025-05-23 11:11:42.597000','2025-05-23 11:16:41.691000','2025-05-23 11:16:42.450000',0,NULL,'ClusterManagement-CleanupTmpDocuments',NULL)
INSERT INTO "system$queuedtask" VALUES(14355223817627474,40630,'Running','59651013-f9bc-4fc1-b435-276439b07899','System.ScheduledEventsQueue','ScheduledEvent',NULL,NULL,'ClusterManagement-CleanupSessions','[]','4a141102-ca0d-47d4-a5ab-944b1bc0e519',59,'2025-05-23 11:11:42.599000','2025-05-23 11:16:41.691000','2025-05-23 11:16:42.450000',0,NULL,'ClusterManagement-CleanupSessions',NULL)
COMMIT
/*C2*/ALTER SEQUENCE PUBLIC."system$queuedtask_sequence_mxseq" RESTART WITH 40639
/*C4*/ALTER SEQUENCE PUBLIC."system$queuedtask_sequence_mxseq" RESTART WITH 40639
/*C3*/ALTER SEQUENCE PUBLIC."system$queuedtask_sequence_mxseq" RESTART WITH 40639
/*C2*/INSERT INTO "system$queuedtask" VALUES(14355223817635789,40636,'Idle','59651013-f9bc-4fc1-b435-276439b07899','System.ScheduledEventsQueue','ScheduledEvent',NULL,NULL,'ClusterManagement-CleanupTmpDocuments','[]',NULL,NULL,'2025-05-23 11:16:42.478000','2025-05-23 11:21:41.691000',NULL,0,NULL,'ClusterManagement-CleanupTmpDocuments',NULL)
INSERT INTO "system$processedqueuetask" VALUES(13229323910794140,40629,'Completed','59651013-f9bc-4fc1-b435-276439b07899','System.ScheduledEventsQueue','ScheduledEvent',NULL,NULL,'ClusterManagement-CleanupTmpDocuments','[]','4a141102-ca0d-47d4-a5ab-944b1bc0e519',59,'2025-05-23 11:11:42.597000','2025-05-23 11:16:41.691000','2025-05-23 11:16:42.450000','2025-05-23 11:16:42.484000',34,0,NULL,'ClusterManagement-CleanupTmpDocuments',NULL)
DELETE FROM "system$queuedtask" WHERE "id"=14355223817627361
COMMIT
/*C3*/INSERT INTO "system$queuedtask" VALUES(14355223817636090,40637,'Idle','59651013-f9bc-4fc1-b435-276439b07899','System.ScheduledEventsQueue','ScheduledEvent',NULL,NULL,'ClusterManagement-CleanupOfflineSyncHistory','[]',NULL,NULL,'2025-05-23 11:16:42.478000','2025-05-23 11:21:41.691000',NULL,0,NULL,'ClusterManagement-CleanupOfflineSyncHistory',NULL)
INSERT INTO "system$processedqueuetask" VALUES(13229323910793916,40626,'Completed','59651013-f9bc-4fc1-b435-276439b07899','System.ScheduledEventsQueue','ScheduledEvent',NULL,NULL,'ClusterManagement-CleanupOfflineSyncHistory','[]','4a141102-ca0d-47d4-a5ab-944b1bc0e519',59,'2025-05-23 11:11:42.596000','2025-05-23 11:16:41.691000','2025-05-23 11:16:42.444000','2025-05-23 11:16:42.484000',40,0,NULL,'ClusterManagement-CleanupOfflineSyncHistory',NULL)
DELETE FROM "system$queuedtask" WHERE "id"=14355223817627098
COMMIT
/*C4*/INSERT INTO "system$queuedtask" VALUES(14355223817635871,40638,'Idle','59651013-f9bc-4fc1-b435-276439b07899','System.ScheduledEventsQueue','ScheduledEvent',NULL,NULL,'ClusterManagement-CleanupBackgroundJobs','[]',NULL,NULL,'2025-05-23 11:16:42.478000','2025-05-23 11:21:41.691000',NULL,0,NULL,'ClusterManagement-CleanupBackgroundJobs',NULL)
INSERT INTO "system$processedqueuetask" VALUES(13229323910794035,40628,'Completed','59651013-f9bc-4fc1-b435-276439b07899','System.ScheduledEventsQueue','ScheduledEvent',NULL,NULL,'ClusterManagement-CleanupBackgroundJobs','[]','4a141102-ca0d-47d4-a5ab-944b1bc0e519',59,'2025-05-23 11:11:42.596000','2025-05-23 11:16:41.691000','2025-05-23 11:16:42.448000','2025-05-23 11:16:42.484000',36,0,NULL,'ClusterManagement-CleanupBackgroundJobs',NULL)
DELETE FROM "system$queuedtask" WHERE "id"=14355223817626940
COMMIT
/*C6*/SET SCHEMA PUBLIC
ALTER SEQUENCE PUBLIC."system$queuedtask_sequence_mxseq" RESTART WITH 40641
INSERT INTO "system$queuedtask" VALUES(14355223817636140,40639,'Idle','59651013-f9bc-4fc1-b435-276439b07899','System.ScheduledEventsQueue','ScheduledEvent',NULL,NULL,'ClusterManagement-CleanupOfflineGUIDs','[]',NULL,NULL,'2025-05-23 11:16:42.490000','2025-05-23 11:21:41.691000',NULL,0,NULL,'ClusterManagement-CleanupOfflineGUIDs',NULL)
INSERT INTO "system$processedqueuetask" VALUES(13229323910794339,40627,'Completed','59651013-f9bc-4fc1-b435-276439b07899','System.ScheduledEventsQueue','ScheduledEvent',NULL,NULL,'ClusterManagement-CleanupOfflineGUIDs','[]','4a141102-ca0d-47d4-a5ab-944b1bc0e519',59,'2025-05-23 11:11:42.596000','2025-05-23 11:16:41.691000','2025-05-23 11:16:42.446000','2025-05-23 11:16:42.495000',49,0,NULL,'ClusterManagement-CleanupOfflineGUIDs',NULL)
DELETE FROM "system$queuedtask" WHERE "id"=14355223817627182
COMMIT
/*C4*/INSERT INTO "system$queuedtask" VALUES(14355223817636284,40640,'Idle','59651013-f9bc-4fc1-b435-276439b07899','System.ScheduledEventsQueue','ScheduledEvent',NULL,NULL,'ClusterManagement-CleanupSessions','[]',NULL,NULL,'2025-05-23 11:16:42.492000','2025-05-23 11:21:41.691000',NULL,0,NULL,'ClusterManagement-CleanupSessions',NULL)
INSERT INTO "system$processedqueuetask" VALUES(13229323910794455,40630,'Completed','59651013-f9bc-4fc1-b435-276439b07899','System.ScheduledEventsQueue','ScheduledEvent',NULL,NULL,'ClusterManagement-CleanupSessions','[]','4a141102-ca0d-47d4-a5ab-944b1bc0e519',59,'2025-05-23 11:11:42.599000','2025-05-23 11:16:41.691000','2025-05-23 11:16:42.450000','2025-05-23 11:16:42.501000',51,0,NULL,'ClusterManagement-CleanupSessions',NULL)
DELETE FROM "system$queuedtask" WHERE "id"=14355223817627474
COMMIT
/*C6*/DELETE FROM "system$queuedtask" WHERE "id"=14355223817627549
INSERT INTO "system$queuedtask" VALUES(14355223817627549,40631,'Running','59651013-f9bc-4fc1-b435-276439b07899','System.ScheduledEventsQueue','ScheduledEvent',NULL,NULL,'ClusterManagement-UnblockUsers','[]','4a141102-ca0d-47d4-a5ab-944b1bc0e519',59,'2025-05-23 11:11:46.658000','2025-05-23 11:16:45.691000','2025-05-23 11:16:46.542000',0,NULL,'ClusterManagement-UnblockUsers',NULL)
COMMIT
ALTER SEQUENCE PUBLIC."system$queuedtask_sequence_mxseq" RESTART WITH 40642
INSERT INTO "system$queuedtask" VALUES(14355223817636359,40641,'Idle','59651013-f9bc-4fc1-b435-276439b07899','System.ScheduledEventsQueue','ScheduledEvent',NULL,NULL,'ClusterManagement-UnblockUsers','[]',NULL,NULL,'2025-05-23 11:16:46.553000','2025-05-23 11:21:45.691000',NULL,0,NULL,'ClusterManagement-UnblockUsers',NULL)
INSERT INTO "system$processedqueuetask" VALUES(13229323910794544,40631,'Completed','59651013-f9bc-4fc1-b435-276439b07899','System.ScheduledEventsQueue','ScheduledEvent',NULL,NULL,'ClusterManagement-UnblockUsers','[]','4a141102-ca0d-47d4-a5ab-944b1bc0e519',59,'2025-05-23 11:11:46.658000','2025-05-23 11:16:45.691000','2025-05-23 11:16:46.542000','2025-05-23 11:16:46.556000',14,0,NULL,'ClusterManagement-UnblockUsers',NULL)
DELETE FROM "system$queuedtask" WHERE "id"=14355223817627549
COMMIT
DELETE FROM "system$user" WHERE "id"=13510798882329327
INSERT INTO "system$user" VALUES(13510798882329327,'Kate','{BCrypt}$2a$12$CUIq6SDhnqbW9BaIZexK4uKTrjQeQWzrb1DyEtBYP67Yi4/vGbsy.','2025-05-23 11:17:10.888000',FALSE,NULL,TRUE,0,FALSE,FALSE,'2025-05-20 07:03:13.402000','2025-05-23 11:17:10.891000','System.User',NULL,13510798882329327)
COMMIT
DELETE FROM "mendixsystem$entityidentifier" WHERE "id"='37f9fd49-5318-4c63-9a51-f761779b202f'
INSERT INTO "mendixsystem$entityidentifier" VALUES('37f9fd49-5318-4c63-9a51-f761779b202f',46,3101)
COMMIT
INSERT INTO "system$session" VALUES(12947848929074346,'8746c186-280d-4d83-8cc5-59e84cffde24','ba536dd6-10b8-472a-8b90-50a8734bbbb7','2025-05-23 11:17:11.002000',FALSE,'2d079d4a-7eb0-44b1-ae9b-557efd55af2e',NULL,'2025-05-23 11:17:11.001000')
INSERT INTO "system$session_user" VALUES(12947848929074346,13510798882329327)
COMMIT
DELETE FROM "system$session" WHERE "id"=12947848929074346
INSERT INTO "system$session" VALUES(12947848929074346,'8746c186-280d-4d83-8cc5-59e84cffde24','ba536dd6-10b8-472a-8b90-50a8734bbbb7','2025-05-23 11:17:11.273000',FALSE,'2d079d4a-7eb0-44b1-ae9b-557efd55af2e',NULL,'2025-05-23 11:17:11.001000')
COMMIT
DELETE FROM "system$session" WHERE "id"=12947848929074346
INSERT INTO "system$session" VALUES(12947848929074346,'8746c186-280d-4d83-8cc5-59e84cffde24','ba536dd6-10b8-472a-8b90-50a8734bbbb7','2025-05-23 11:17:26.400000',FALSE,'2d079d4a-7eb0-44b1-ae9b-557efd55af2e',NULL,'2025-05-23 11:17:11.001000')
COMMIT
/*C4*/DELETE FROM "system$session" WHERE "id"=12947848929074346
INSERT INTO "system$session" VALUES(12947848929074346,'8746c186-280d-4d83-8cc5-59e84cffde24','ba536dd6-10b8-472a-8b90-50a8734bbbb7','2025-05-23 11:17:28.598000',FALSE,'2d079d4a-7eb0-44b1-ae9b-557efd55af2e',NULL,'2025-05-23 11:17:11.001000')
COMMIT
/*C6*/DELETE FROM "mendixsystem$entityidentifier" WHERE "id"='0d3be470-3d3d-4edc-867c-8e6478678ce1'
INSERT INTO "mendixsystem$entityidentifier" VALUES('0d3be470-3d3d-4edc-867c-8e6478678ce1',58,701)
COMMIT
/*C4*/INSERT INTO "myfirstmodule$salestrackingtable" VALUES(16325548649294980,1111,1222.00000000,0.00000000,0.00000000,0.00000000,NULL,NULL,NULL,'2025-05-23 11:17:39.086000','2025-05-23 11:17:39.109000',17451448556060853,16888498602652371,13510798882329327,17169973579350236,13510798882329327,17732923532771764,13,'4cbdf839-0b6d-4f9f-b895-4b7091324766')
DELETE FROM "myfirstmodule$salestrackingtabletemporary" WHERE "id"=18014398509520623
COMMIT
DELETE FROM "system$session" WHERE "id"=12947848929074346
INSERT INTO "system$session" VALUES(12947848929074346,'8746c186-280d-4d83-8cc5-59e84cffde24','ba536dd6-10b8-472a-8b90-50a8734bbbb7','2025-05-23 11:17:46.360000',FALSE,'2d079d4a-7eb0-44b1-ae9b-557efd55af2e',NULL,'2025-05-23 11:17:11.001000')
COMMIT
DELETE FROM "system$queuedtask" WHERE "id"=14355223817627657
INSERT INTO "system$queuedtask" VALUES(14355223817627657,40632,'Running','59651013-f9bc-4fc1-b435-276439b07899','System.ScheduledEventsQueue','ScheduledEvent',NULL,NULL,'ClusterManagement-PopulateFileDocumentSizes','[]','4a141102-ca0d-47d4-a5ab-944b1bc0e519',59,'2025-05-23 11:13:07.455000','2025-05-23 11:18:07.405000','2025-05-23 11:18:08.330000',0,NULL,'ClusterManagement-PopulateFileDocumentSizes',NULL)
COMMIT
ALTER SEQUENCE PUBLIC."system$queuedtask_sequence_mxseq" RESTART WITH 40643
INSERT INTO "system$queuedtask" VALUES(14355223817636552,40642,'Idle','59651013-f9bc-4fc1-b435-276439b07899','System.ScheduledEventsQueue','ScheduledEvent',NULL,NULL,'ClusterManagement-PopulateFileDocumentSizes','[]',NULL,NULL,'2025-05-23 11:18:08.346000','2025-05-23 11:23:07.405000',NULL,0,NULL,'ClusterManagement-PopulateFileDocumentSizes',NULL)
INSERT INTO "system$processedqueuetask" VALUES(13229323910794654,40632,'Completed','59651013-f9bc-4fc1-b435-276439b07899','System.ScheduledEventsQueue','ScheduledEvent',NULL,NULL,'ClusterManagement-PopulateFileDocumentSizes','[]','4a141102-ca0d-47d4-a5ab-944b1bc0e519',59,'2025-05-23 11:13:07.455000','2025-05-23 11:18:07.405000','2025-05-23 11:18:08.330000','2025-05-23 11:18:08.349000',19,0,NULL,'ClusterManagement-PopulateFileDocumentSizes',NULL)
DELETE FROM "system$queuedtask" WHERE "id"=14355223817627657
COMMIT
DELETE FROM "mendixsystem$entityidentifier" WHERE "id"='93643259-d313-40a4-b3c0-91e106e38fb3'
INSERT INTO "mendixsystem$entityidentifier" VALUES('93643259-d313-40a4-b3c0-91e106e38fb3',64,501)
COMMIT
ALTER SEQUENCE PUBLIC."myfirstmodule$salestrackingtabletemporary_salesid_mxseq" RESTART WITH 11
INSERT INTO "myfirstmodule$salestrackingtabletemporary" VALUES(18014398509533430,10,4,4444.00000000,0.00000000,0.00000000,0.00000000,'2025-05-14 15:00:00.000000','2025-04-28 15:00:00.000000','2025-05-20 15:00:00.000000','2025-05-23 11:18:20.832000','2025-05-23 11:18:45.192000',13510798882329327,13510798882329327,NULL,NULL,NULL,16888498602639532)
COMMIT
DELETE FROM "system$queuedtask" WHERE "id"=14355223817627777
INSERT INTO "system$queuedtask" VALUES(14355223817627777,40633,'Running','59651013-f9bc-4fc1-b435-276439b07899','System.ScheduledEventsQueue','ScheduledEvent',NULL,NULL,'ClusterManagement-CleanupOrphanedFiles','[]','4a141102-ca0d-47d4-a5ab-944b1bc0e519',59,'2025-05-23 11:13:50.922000','2025-05-23 11:18:50.262000','2025-05-23 11:18:50.508000',0,NULL,'ClusterManagement-CleanupOrphanedFiles',NULL)
COMMIT
ALTER SEQUENCE PUBLIC."system$queuedtask_sequence_mxseq" RESTART WITH 40644
INSERT INTO "system$queuedtask" VALUES(14355223817636646,40643,'Idle','59651013-f9bc-4fc1-b435-276439b07899','System.ScheduledEventsQueue','ScheduledEvent',NULL,NULL,'ClusterManagement-CleanupOrphanedFiles','[]',NULL,NULL,'2025-05-23 11:18:50.528000','2025-05-23 11:23:50.262000',NULL,0,NULL,'ClusterManagement-CleanupOrphanedFiles',NULL)
INSERT INTO "system$processedqueuetask" VALUES(13229323910794823,40633,'Completed','59651013-f9bc-4fc1-b435-276439b07899','System.ScheduledEventsQueue','ScheduledEvent',NULL,NULL,'ClusterManagement-CleanupOrphanedFiles','[]','4a141102-ca0d-47d4-a5ab-944b1bc0e519',59,'2025-05-23 11:13:50.922000','2025-05-23 11:18:50.262000','2025-05-23 11:18:50.508000','2025-05-23 11:18:50.534000',26,0,NULL,'ClusterManagement-CleanupOrphanedFiles',NULL)
DELETE FROM "system$queuedtask" WHERE "id"=14355223817627777
COMMIT
/*C6*/ALTER SEQUENCE PUBLIC."myfirstmodule$salestrackingtable_salesid_mxseq" RESTART WITH 14
DELETE FROM "myfirstmodule$salestrackingtabletemporary" WHERE "id"=18014398509533430
INSERT INTO "myfirstmodule$salestrackingtabletemporary" VALUES(18014398509533430,10,4,4444.00000000,0.00000000,0.00000000,0.00000000,'2025-05-14 15:00:00.000000','2025-04-28 15:00:00.000000','2025-05-20 15:00:00.000000','2025-05-23 11:18:20.832000','2025-05-23 11:18:55.499000',13510798882329327,13510798882329327,17732923532771471,17169973579350377,17451448556086462,16888498602639532)
COMMIT
ALTER SEQUENCE PUBLIC."myfirstmodule$salestrackingtabletemporary_salesid_mxseq" RESTART WITH 12
DELETE FROM "system$session" WHERE "id"=12947848929074346
INSERT INTO "system$session" VALUES(12947848929074346,'8746c186-280d-4d83-8cc5-59e84cffde24','ba536dd6-10b8-472a-8b90-50a8734bbbb7','2025-05-23 11:18:57.851000',FALSE,'2d079d4a-7eb0-44b1-ae9b-557efd55af2e',NULL,'2025-05-23 11:17:11.001000')
COMMIT
INSERT INTO "myfirstmodule$salestrackingtabletemporary" VALUES(18014398509533486,11,555,555.00000000,0.00000000,0.00000000,0.00000000,'2025-05-15 15:00:00.000000','2025-05-05 15:00:00.000000','2025-05-19 15:00:00.000000','2025-05-23 11:18:57.853000','2025-05-23 11:19:19.538000',13510798882329327,13510798882329327,17732923532784658,17169973579350236,17451448556060853,16888498602639532)
COMMIT
INSERT INTO "myfirstmodule$salestrackingtable" VALUES(16325548649295197,4,4444.00000000,0.00000000,0.00000000,0.00000000,'2025-05-14 15:00:00.000000','2025-04-28 15:00:00.000000','2025-05-20 15:00:00.000000','2025-05-23 11:19:20.746000','2025-05-23 11:19:20.748000',17451448556086462,16888498602639532,13510798882329327,17169973579350377,13510798882329327,17732923532771471,14,'583be5e5-370e-4678-98e4-6cb4265e00c9')
INSERT INTO "myfirstmodule$salestrackingtable" VALUES(16325548649295355,555,555.00000000,0.00000000,0.00000000,0.00000000,'2025-05-15 15:00:00.000000','2025-05-05 15:00:00.000000','2025-05-19 15:00:00.000000','2025-05-23 11:19:20.752000','2025-05-23 11:19:20.754000',17451448556060853,16888498602639532,13510798882329327,17169973579350236,13510798882329327,17732923532784658,15,'583be5e5-370e-4678-98e4-6cb4265e00c9')
DELETE FROM "myfirstmodule$salestrackingtabletemporary" WHERE "id"=18014398509533430
DELETE FROM "myfirstmodule$salestrackingtabletemporary" WHERE "id"=18014398509533486
COMMIT
DELETE FROM "system$queuedtask" WHERE "id"=14355223817635518
INSERT INTO "system$queuedtask" VALUES(14355223817635518,40634,'Running','59651013-f9bc-4fc1-b435-276439b07899','System.ScheduledEventsQueue','ScheduledEvent',NULL,NULL,'ClusterManagement-CleanupScheduledEvents','[]','4a141102-ca0d-47d4-a5ab-944b1bc0e519',59,'2025-05-23 11:15:49.209000','2025-05-23 11:20:15.976000','2025-05-23 11:20:16.788000',0,NULL,'ClusterManagement-CleanupScheduledEvents',NULL)
COMMIT
ALTER SEQUENCE PUBLIC."system$queuedtask_sequence_mxseq" RESTART WITH 40645
INSERT INTO "system$queuedtask" VALUES(14355223817636834,40644,'Idle','59651013-f9bc-4fc1-b435-276439b07899','System.ScheduledEventsQueue','ScheduledEvent',NULL,NULL,'ClusterManagement-CleanupScheduledEvents','[]',NULL,NULL,'2025-05-23 11:20:16.812000','2025-05-23 11:25:15.976000',NULL,0,NULL,'ClusterManagement-CleanupScheduledEvents',NULL)
INSERT INTO "system$processedqueuetask" VALUES(13229323910794937,40634,'Completed','59651013-f9bc-4fc1-b435-276439b07899','System.ScheduledEventsQueue','ScheduledEvent',NULL,NULL,'ClusterManagement-CleanupScheduledEvents','[]','4a141102-ca0d-47d4-a5ab-944b1bc0e519',59,'2025-05-23 11:15:49.209000','2025-05-23 11:20:15.976000','2025-05-23 11:20:16.788000','2025-05-23 11:20:16.817000',29,0,NULL,'ClusterManagement-CleanupScheduledEvents',NULL)
DELETE FROM "system$queuedtask" WHERE "id"=14355223817635518
COMMIT
